Started GET "/" for 127.0.0.1 at 2017-07-20 15:50:07 +0800
Processing by Rails::WelcomeController#index as HTML
  Rendering /Users/mary_chelle/.rvm/gems/ruby-2.4.0@global/gems/railties-5.1.2/lib/rails/templates/rails/welcome/index.html.erb
  Rendered /Users/mary_chelle/.rvm/gems/ruby-2.4.0@global/gems/railties-5.1.2/lib/rails/templates/rails/welcome/index.html.erb (3.5ms)
Completed 200 OK in 160ms (Views: 8.1ms)


  [1m[35m (0.1ms)[0m  [1m[34mSELECT sqlite_version(*)[0m
  [1m[35m (2.1ms)[0m  [1m[35mCREATE TABLE "schema_migrations" ("version" varchar NOT NULL PRIMARY KEY)[0m
  [1m[35m (2.0ms)[0m  [1m[35mCREATE TABLE "ar_internal_metadata" ("key" varchar NOT NULL PRIMARY KEY, "value" varchar, "created_at" datetime NOT NULL, "updated_at" datetime NOT NULL)[0m
  [1m[35m (0.2ms)[0m  [1m[34mSELECT "schema_migrations"."version" FROM "schema_migrations" ORDER BY "schema_migrations"."version" ASC[0m
Migrating to CreatePosts (20170720075051)
  [1m[35m (0.1ms)[0m  [1m[36mbegin transaction[0m
  [1m[35m (0.4ms)[0m  [1m[35mCREATE TABLE "posts" ("id" INTEGER PRIMARY KEY AUTOINCREMENT NOT NULL, "username" varchar, "body" text, "created_at" datetime NOT NULL, "updated_at" datetime NOT NULL)[0m
  [1m[35mSQL (0.2ms)[0m  [1m[32mINSERT INTO "schema_migrations" ("version") VALUES (?)[0m  [["version", "20170720075051"]]
  [1m[35m (1.6ms)[0m  [1m[36mcommit transaction[0m
  [1m[36mActiveRecord::InternalMetadata Load (0.2ms)[0m  [1m[34mSELECT  "ar_internal_metadata".* FROM "ar_internal_metadata" WHERE "ar_internal_metadata"."key" = ? LIMIT ?[0m  [["key", "environment"], ["LIMIT", 1]]
  [1m[35m (0.1ms)[0m  [1m[36mbegin transaction[0m
  [1m[35mSQL (0.3ms)[0m  [1m[32mINSERT INTO "ar_internal_metadata" ("key", "value", "created_at", "updated_at") VALUES (?, ?, ?, ?)[0m  [["key", "environment"], ["value", "development"], ["created_at", "2017-07-20 07:50:59.782140"], ["updated_at", "2017-07-20 07:50:59.782140"]]
  [1m[35m (2.0ms)[0m  [1m[36mcommit transaction[0m
  [1m[35m (0.2ms)[0m  [1m[34mSELECT "schema_migrations"."version" FROM "schema_migrations" ORDER BY "schema_migrations"."version" ASC[0m
Started GET "/" for ::1 at 2017-07-20 15:51:50 +0800
  [1m[35m (0.2ms)[0m  [1m[34mSELECT "schema_migrations"."version" FROM "schema_migrations" ORDER BY "schema_migrations"."version" ASC[0m
Processing by Rails::WelcomeController#index as HTML
  Rendering /Users/mary_chelle/.rvm/gems/ruby-2.4.0@global/gems/railties-5.1.2/lib/rails/templates/rails/welcome/index.html.erb
  Rendered /Users/mary_chelle/.rvm/gems/ruby-2.4.0@global/gems/railties-5.1.2/lib/rails/templates/rails/welcome/index.html.erb (4.6ms)
Completed 200 OK in 24ms (Views: 9.6ms | ActiveRecord: 0.0ms)


  [1m[35m (0.2ms)[0m  [1m[34mSELECT "schema_migrations"."version" FROM "schema_migrations" ORDER BY "schema_migrations"."version" ASC[0m
  [1m[36mActiveRecord::InternalMetadata Load (0.1ms)[0m  [1m[34mSELECT  "ar_internal_metadata".* FROM "ar_internal_metadata" WHERE "ar_internal_metadata"."key" = ? LIMIT ?[0m  [["key", "environment"], ["LIMIT", 1]]
  [1m[35m (0.1ms)[0m  [1m[36mbegin transaction[0m
  [1m[35m (0.1ms)[0m  [1m[36mcommit transaction[0m
  [1m[35m (0.1ms)[0m  [1m[34mSELECT "schema_migrations"."version" FROM "schema_migrations" ORDER BY "schema_migrations"."version" ASC[0m
  [1m[35m (0.2ms)[0m  [1m[34mSELECT "schema_migrations"."version" FROM "schema_migrations" ORDER BY "schema_migrations"."version" ASC[0m
  [1m[36mActiveRecord::InternalMetadata Load (0.2ms)[0m  [1m[34mSELECT  "ar_internal_metadata".* FROM "ar_internal_metadata" WHERE "ar_internal_metadata"."key" = ? LIMIT ?[0m  [["key", "environment"], ["LIMIT", 1]]
  [1m[35m (0.1ms)[0m  [1m[36mbegin transaction[0m
  [1m[35m (0.0ms)[0m  [1m[36mcommit transaction[0m
  [1m[35m (0.1ms)[0m  [1m[34mSELECT "schema_migrations"."version" FROM "schema_migrations" ORDER BY "schema_migrations"."version" ASC[0m
Started GET "/" for ::1 at 2017-07-20 15:55:58 +0800
  [1m[35m (0.2ms)[0m  [1m[34mSELECT "schema_migrations"."version" FROM "schema_migrations" ORDER BY "schema_migrations"."version" ASC[0m
Started GET "/post" for ::1 at 2017-07-20 15:55:58 +0800
  
ActionController::RoutingError (No route matches [GET] "/post"):
  
actionpack (5.1.2) lib/action_dispatch/middleware/debug_exceptions.rb:63:in `call'
web-console (3.5.1) lib/web_console/middleware.rb:135:in `call_app'
web-console (3.5.1) lib/web_console/middleware.rb:28:in `block in call'
web-console (3.5.1) lib/web_console/middleware.rb:18:in `catch'
web-console (3.5.1) lib/web_console/middleware.rb:18:in `call'
actionpack (5.1.2) lib/action_dispatch/middleware/show_exceptions.rb:31:in `call'
railties (5.1.2) lib/rails/rack/logger.rb:36:in `call_app'
railties (5.1.2) lib/rails/rack/logger.rb:24:in `block in call'
activesupport (5.1.2) lib/active_support/tagged_logging.rb:69:in `block in tagged'
activesupport (5.1.2) lib/active_support/tagged_logging.rb:26:in `tagged'
activesupport (5.1.2) lib/active_support/tagged_logging.rb:69:in `tagged'
railties (5.1.2) lib/rails/rack/logger.rb:24:in `call'
sprockets-rails (3.2.0) lib/sprockets/rails/quiet_assets.rb:13:in `call'
actionpack (5.1.2) lib/action_dispatch/middleware/remote_ip.rb:79:in `call'
actionpack (5.1.2) lib/action_dispatch/middleware/request_id.rb:25:in `call'
rack (2.0.3) lib/rack/method_override.rb:22:in `call'
rack (2.0.3) lib/rack/runtime.rb:22:in `call'
activesupport (5.1.2) lib/active_support/cache/strategy/local_cache_middleware.rb:27:in `call'
actionpack (5.1.2) lib/action_dispatch/middleware/executor.rb:12:in `call'
actionpack (5.1.2) lib/action_dispatch/middleware/static.rb:125:in `call'
rack (2.0.3) lib/rack/sendfile.rb:111:in `call'
railties (5.1.2) lib/rails/engine.rb:522:in `call'
puma (3.9.1) lib/puma/configuration.rb:224:in `call'
puma (3.9.1) lib/puma/server.rb:602:in `handle_request'
puma (3.9.1) lib/puma/server.rb:435:in `process_client'
puma (3.9.1) lib/puma/server.rb:299:in `block in run'
puma (3.9.1) lib/puma/thread_pool.rb:120:in `block in spawn_thread'
Started GET "/" for ::1 at 2017-07-20 15:56:02 +0800
Started GET "/post" for ::1 at 2017-07-20 15:56:02 +0800
  
ActionController::RoutingError (No route matches [GET] "/post"):
  
actionpack (5.1.2) lib/action_dispatch/middleware/debug_exceptions.rb:63:in `call'
web-console (3.5.1) lib/web_console/middleware.rb:135:in `call_app'
web-console (3.5.1) lib/web_console/middleware.rb:28:in `block in call'
web-console (3.5.1) lib/web_console/middleware.rb:18:in `catch'
web-console (3.5.1) lib/web_console/middleware.rb:18:in `call'
actionpack (5.1.2) lib/action_dispatch/middleware/show_exceptions.rb:31:in `call'
railties (5.1.2) lib/rails/rack/logger.rb:36:in `call_app'
railties (5.1.2) lib/rails/rack/logger.rb:24:in `block in call'
activesupport (5.1.2) lib/active_support/tagged_logging.rb:69:in `block in tagged'
activesupport (5.1.2) lib/active_support/tagged_logging.rb:26:in `tagged'
activesupport (5.1.2) lib/active_support/tagged_logging.rb:69:in `tagged'
railties (5.1.2) lib/rails/rack/logger.rb:24:in `call'
sprockets-rails (3.2.0) lib/sprockets/rails/quiet_assets.rb:13:in `call'
actionpack (5.1.2) lib/action_dispatch/middleware/remote_ip.rb:79:in `call'
actionpack (5.1.2) lib/action_dispatch/middleware/request_id.rb:25:in `call'
rack (2.0.3) lib/rack/method_override.rb:22:in `call'
rack (2.0.3) lib/rack/runtime.rb:22:in `call'
activesupport (5.1.2) lib/active_support/cache/strategy/local_cache_middleware.rb:27:in `call'
actionpack (5.1.2) lib/action_dispatch/middleware/executor.rb:12:in `call'
actionpack (5.1.2) lib/action_dispatch/middleware/static.rb:125:in `call'
rack (2.0.3) lib/rack/sendfile.rb:111:in `call'
railties (5.1.2) lib/rails/engine.rb:522:in `call'
puma (3.9.1) lib/puma/configuration.rb:224:in `call'
puma (3.9.1) lib/puma/server.rb:602:in `handle_request'
puma (3.9.1) lib/puma/server.rb:435:in `process_client'
puma (3.9.1) lib/puma/server.rb:299:in `block in run'
puma (3.9.1) lib/puma/thread_pool.rb:120:in `block in spawn_thread'
Started GET "/post" for ::1 at 2017-07-20 15:57:11 +0800
  
ActionController::RoutingError (No route matches [GET] "/post"):
  
actionpack (5.1.2) lib/action_dispatch/middleware/debug_exceptions.rb:63:in `call'
web-console (3.5.1) lib/web_console/middleware.rb:135:in `call_app'
web-console (3.5.1) lib/web_console/middleware.rb:28:in `block in call'
web-console (3.5.1) lib/web_console/middleware.rb:18:in `catch'
web-console (3.5.1) lib/web_console/middleware.rb:18:in `call'
actionpack (5.1.2) lib/action_dispatch/middleware/show_exceptions.rb:31:in `call'
railties (5.1.2) lib/rails/rack/logger.rb:36:in `call_app'
railties (5.1.2) lib/rails/rack/logger.rb:24:in `block in call'
activesupport (5.1.2) lib/active_support/tagged_logging.rb:69:in `block in tagged'
activesupport (5.1.2) lib/active_support/tagged_logging.rb:26:in `tagged'
activesupport (5.1.2) lib/active_support/tagged_logging.rb:69:in `tagged'
railties (5.1.2) lib/rails/rack/logger.rb:24:in `call'
sprockets-rails (3.2.0) lib/sprockets/rails/quiet_assets.rb:13:in `call'
actionpack (5.1.2) lib/action_dispatch/middleware/remote_ip.rb:79:in `call'
actionpack (5.1.2) lib/action_dispatch/middleware/request_id.rb:25:in `call'
rack (2.0.3) lib/rack/method_override.rb:22:in `call'
rack (2.0.3) lib/rack/runtime.rb:22:in `call'
activesupport (5.1.2) lib/active_support/cache/strategy/local_cache_middleware.rb:27:in `call'
actionpack (5.1.2) lib/action_dispatch/middleware/executor.rb:12:in `call'
actionpack (5.1.2) lib/action_dispatch/middleware/static.rb:125:in `call'
rack (2.0.3) lib/rack/sendfile.rb:111:in `call'
railties (5.1.2) lib/rails/engine.rb:522:in `call'
puma (3.9.1) lib/puma/configuration.rb:224:in `call'
puma (3.9.1) lib/puma/server.rb:602:in `handle_request'
puma (3.9.1) lib/puma/server.rb:435:in `process_client'
puma (3.9.1) lib/puma/server.rb:299:in `block in run'
puma (3.9.1) lib/puma/thread_pool.rb:120:in `block in spawn_thread'
Started GET "/" for ::1 at 2017-07-20 15:57:15 +0800
Processing by PostsController#index as HTML
  Rendering posts/index.html.erb within layouts/application
  [1m[36mPost Load (0.1ms)[0m  [1m[34mSELECT "posts".* FROM "posts"[0m
  Rendered posts/index.html.erb within layouts/application (11.5ms)
Completed 200 OK in 434ms (Views: 423.1ms | ActiveRecord: 0.6ms)


Started GET "/posts/new" for ::1 at 2017-07-20 15:57:19 +0800
Processing by PostsController#new as HTML
  Rendering posts/new.html.erb within layouts/application
  Rendered posts/_form.html.erb (8.9ms)
  Rendered posts/new.html.erb within layouts/application (11.6ms)
Completed 200 OK in 42ms (Views: 29.2ms | ActiveRecord: 0.6ms)


Started GET "/posts" for ::1 at 2017-07-20 15:57:21 +0800
Processing by PostsController#index as HTML
  Rendering posts/index.html.erb within layouts/application
  [1m[36mPost Load (0.5ms)[0m  [1m[34mSELECT "posts".* FROM "posts"[0m
  Rendered posts/index.html.erb within layouts/application (3.0ms)
Completed 200 OK in 27ms (Views: 20.0ms | ActiveRecord: 0.5ms)


  [1m[35m (0.2ms)[0m  [1m[34mSELECT "schema_migrations"."version" FROM "schema_migrations" ORDER BY "schema_migrations"."version" ASC[0m
Migrating to DeviseCreateUsers (20170720080043)
  [1m[35m (0.2ms)[0m  [1m[36mbegin transaction[0m
  [1m[35m (0.1ms)[0m  [1m[34mSELECT sqlite_version(*)[0m
  [1m[35m (1.4ms)[0m  [1m[35mCREATE TABLE "users" ("id" INTEGER PRIMARY KEY AUTOINCREMENT NOT NULL, "email" varchar DEFAULT '' NOT NULL, "encrypted_password" varchar DEFAULT '' NOT NULL, "reset_password_token" varchar, "reset_password_sent_at" datetime, "remember_created_at" datetime, "sign_in_count" integer DEFAULT 0 NOT NULL, "current_sign_in_at" datetime, "last_sign_in_at" datetime, "current_sign_in_ip" varchar, "last_sign_in_ip" varchar, "created_at" datetime NOT NULL, "updated_at" datetime NOT NULL)[0m
  [1m[35m (0.1ms)[0m  [1m[35mCREATE UNIQUE INDEX "index_users_on_email" ON "users" ("email")[0m
  [1m[35m (0.1ms)[0m  [1m[34m            SELECT sql
            FROM sqlite_master
            WHERE name='index_users_on_email' AND type='index'
            UNION ALL
            SELECT sql
            FROM sqlite_temp_master
            WHERE name='index_users_on_email' AND type='index'
[0m
  [1m[35m (0.1ms)[0m  [1m[35mCREATE UNIQUE INDEX "index_users_on_reset_password_token" ON "users" ("reset_password_token")[0m
  [1m[35mSQL (0.2ms)[0m  [1m[32mINSERT INTO "schema_migrations" ("version") VALUES (?)[0m  [["version", "20170720080043"]]
  [1m[35m (1.5ms)[0m  [1m[36mcommit transaction[0m
  [1m[36mActiveRecord::InternalMetadata Load (0.4ms)[0m  [1m[34mSELECT  "ar_internal_metadata".* FROM "ar_internal_metadata" WHERE "ar_internal_metadata"."key" = ? LIMIT ?[0m  [["key", "environment"], ["LIMIT", 1]]
  [1m[35m (0.1ms)[0m  [1m[36mbegin transaction[0m
  [1m[35m (0.1ms)[0m  [1m[36mcommit transaction[0m
  [1m[35m (0.1ms)[0m  [1m[34mSELECT "schema_migrations"."version" FROM "schema_migrations" ORDER BY "schema_migrations"."version" ASC[0m
  [1m[35m (0.3ms)[0m  [1m[34m            SELECT sql
            FROM sqlite_master
            WHERE name='index_users_on_reset_password_token' AND type='index'
            UNION ALL
            SELECT sql
            FROM sqlite_temp_master
            WHERE name='index_users_on_reset_password_token' AND type='index'
[0m
  [1m[35m (0.2ms)[0m  [1m[34m            SELECT sql
            FROM sqlite_master
            WHERE name='index_users_on_email' AND type='index'
            UNION ALL
            SELECT sql
            FROM sqlite_temp_master
            WHERE name='index_users_on_email' AND type='index'
[0m
  [1m[35m (0.2ms)[0m  [1m[34mSELECT "schema_migrations"."version" FROM "schema_migrations" ORDER BY "schema_migrations"."version" ASC[0m
  [1m[36mActiveRecord::InternalMetadata Load (0.2ms)[0m  [1m[34mSELECT  "ar_internal_metadata".* FROM "ar_internal_metadata" WHERE "ar_internal_metadata"."key" = ? LIMIT ?[0m  [["key", "environment"], ["LIMIT", 1]]
  [1m[35m (0.1ms)[0m  [1m[36mbegin transaction[0m
  [1m[35m (0.0ms)[0m  [1m[36mcommit transaction[0m
  [1m[35m (0.1ms)[0m  [1m[34mSELECT "schema_migrations"."version" FROM "schema_migrations" ORDER BY "schema_migrations"."version" ASC[0m
  [1m[35m (0.1ms)[0m  [1m[34m            SELECT sql
            FROM sqlite_master
            WHERE name='index_users_on_reset_password_token' AND type='index'
            UNION ALL
            SELECT sql
            FROM sqlite_temp_master
            WHERE name='index_users_on_reset_password_token' AND type='index'
[0m
  [1m[35m (0.1ms)[0m  [1m[34m            SELECT sql
            FROM sqlite_master
            WHERE name='index_users_on_email' AND type='index'
            UNION ALL
            SELECT sql
            FROM sqlite_temp_master
            WHERE name='index_users_on_email' AND type='index'
[0m
Started GET "/" for ::1 at 2017-07-20 16:04:52 +0800
  [1m[35m (0.2ms)[0m  [1m[34mSELECT "schema_migrations"."version" FROM "schema_migrations" ORDER BY "schema_migrations"."version" ASC[0m
Processing by PostsController#index as HTML
  Rendering posts/index.html.erb within layouts/application
  [1m[36mPost Load (0.2ms)[0m  [1m[34mSELECT "posts".* FROM "posts"[0m
  Rendered posts/index.html.erb within layouts/application (3.0ms)
Completed 200 OK in 248ms (Views: 232.4ms | ActiveRecord: 0.5ms)


Started GET "/users/sign_up" for ::1 at 2017-07-20 16:05:03 +0800
Processing by Devise::RegistrationsController#new as HTML
  Rendering /Users/mary_chelle/.rvm/gems/ruby-2.4.0/gems/devise-4.3.0/app/views/devise/registrations/new.html.erb within layouts/application
  Rendered /Users/mary_chelle/.rvm/gems/ruby-2.4.0/gems/devise-4.3.0/app/views/devise/shared/_links.html.erb (0.9ms)
  Rendered /Users/mary_chelle/.rvm/gems/ruby-2.4.0/gems/devise-4.3.0/app/views/devise/registrations/new.html.erb within layouts/application (20.4ms)
Completed 200 OK in 56ms (Views: 40.7ms | ActiveRecord: 1.1ms)


Started GET "/users/sign_in" for ::1 at 2017-07-20 16:05:06 +0800
Processing by Devise::SessionsController#new as HTML
  Rendering /Users/mary_chelle/.rvm/gems/ruby-2.4.0/gems/devise-4.3.0/app/views/devise/sessions/new.html.erb within layouts/application
  Rendered /Users/mary_chelle/.rvm/gems/ruby-2.4.0/gems/devise-4.3.0/app/views/devise/shared/_links.html.erb (1.2ms)
  Rendered /Users/mary_chelle/.rvm/gems/ruby-2.4.0/gems/devise-4.3.0/app/views/devise/sessions/new.html.erb within layouts/application (12.0ms)
Completed 200 OK in 39ms (Views: 35.8ms | ActiveRecord: 0.0ms)


Started GET "/users/sign_up" for ::1 at 2017-07-20 16:05:09 +0800
Processing by Devise::RegistrationsController#new as HTML
  Rendering /Users/mary_chelle/.rvm/gems/ruby-2.4.0/gems/devise-4.3.0/app/views/devise/registrations/new.html.erb within layouts/application
  Rendered /Users/mary_chelle/.rvm/gems/ruby-2.4.0/gems/devise-4.3.0/app/views/devise/shared/_links.html.erb (1.6ms)
  Rendered /Users/mary_chelle/.rvm/gems/ruby-2.4.0/gems/devise-4.3.0/app/views/devise/registrations/new.html.erb within layouts/application (12.2ms)
Completed 200 OK in 52ms (Views: 48.8ms | ActiveRecord: 0.0ms)


Started GET "/users/sign_in" for ::1 at 2017-07-20 16:05:10 +0800
Processing by Devise::SessionsController#new as HTML
  Rendering /Users/mary_chelle/.rvm/gems/ruby-2.4.0/gems/devise-4.3.0/app/views/devise/sessions/new.html.erb within layouts/application
  Rendered /Users/mary_chelle/.rvm/gems/ruby-2.4.0/gems/devise-4.3.0/app/views/devise/shared/_links.html.erb (0.9ms)
  Rendered /Users/mary_chelle/.rvm/gems/ruby-2.4.0/gems/devise-4.3.0/app/views/devise/sessions/new.html.erb within layouts/application (8.5ms)
Completed 200 OK in 46ms (Views: 37.7ms | ActiveRecord: 0.0ms)


Started GET "/users/sign_up" for ::1 at 2017-07-20 16:05:13 +0800
Processing by Devise::RegistrationsController#new as HTML
  Rendering /Users/mary_chelle/.rvm/gems/ruby-2.4.0/gems/devise-4.3.0/app/views/devise/registrations/new.html.erb within layouts/application
  Rendered /Users/mary_chelle/.rvm/gems/ruby-2.4.0/gems/devise-4.3.0/app/views/devise/shared/_links.html.erb (1.4ms)
  Rendered /Users/mary_chelle/.rvm/gems/ruby-2.4.0/gems/devise-4.3.0/app/views/devise/registrations/new.html.erb within layouts/application (8.5ms)
Completed 200 OK in 45ms (Views: 43.4ms | ActiveRecord: 0.0ms)


Started POST "/users" for ::1 at 2017-07-20 16:05:26 +0800
Processing by Devise::RegistrationsController#create as HTML
  Parameters: {"utf8"=>"✓", "authenticity_token"=>"8/leDk+71otPRVhcOv0fDG10ThX4TGo1myxH+Txoc415V6H9nBJaD1nFHJkew9fu5RIVVjREHFT82gydIX036w==", "user"=>{"email"=>"marychellecarreon@gmail.com", "password"=>"[FILTERED]", "password_confirmation"=>"[FILTERED]"}, "commit"=>"Sign up"}
  [1m[35m (0.1ms)[0m  [1m[36mbegin transaction[0m
  [1m[36mUser Exists (0.5ms)[0m  [1m[34mSELECT  1 AS one FROM "users" WHERE "users"."email" = ? LIMIT ?[0m  [["email", "marychellecarreon@gmail.com"], ["LIMIT", 1]]
  [1m[35mSQL (0.6ms)[0m  [1m[32mINSERT INTO "users" ("email", "encrypted_password", "created_at", "updated_at") VALUES (?, ?, ?, ?)[0m  [["email", "marychellecarreon@gmail.com"], ["encrypted_password", "$2a$11$JJH3.92hMQHnKXUbXRbnheILi9QW8iEoi70mHZiPDtOMxShI2V0qC"], ["created_at", "2017-07-20 08:05:26.470612"], ["updated_at", "2017-07-20 08:05:26.470612"]]
  [1m[35m (2.1ms)[0m  [1m[36mcommit transaction[0m
  [1m[35m (0.1ms)[0m  [1m[36mbegin transaction[0m
  [1m[35mSQL (0.3ms)[0m  [1m[33mUPDATE "users" SET "sign_in_count" = ?, "current_sign_in_at" = ?, "last_sign_in_at" = ?, "current_sign_in_ip" = ?, "last_sign_in_ip" = ?, "updated_at" = ? WHERE "users"."id" = ?[0m  [["sign_in_count", 1], ["current_sign_in_at", "2017-07-20 08:05:26.475955"], ["last_sign_in_at", "2017-07-20 08:05:26.475955"], ["current_sign_in_ip", "::1"], ["last_sign_in_ip", "::1"], ["updated_at", "2017-07-20 08:05:26.476610"], ["id", 1]]
  [1m[35m (1.5ms)[0m  [1m[36mcommit transaction[0m
Redirected to http://localhost:3002/
Completed 302 Found in 187ms (ActiveRecord: 5.2ms)


Started GET "/" for ::1 at 2017-07-20 16:05:26 +0800
Processing by PostsController#index as HTML
  Rendering posts/index.html.erb within layouts/application
  [1m[36mPost Load (0.3ms)[0m  [1m[34mSELECT "posts".* FROM "posts"[0m
  Rendered posts/index.html.erb within layouts/application (1.7ms)
  [1m[36mUser Load (0.2ms)[0m  [1m[34mSELECT  "users".* FROM "users" WHERE "users"."id" = ? ORDER BY "users"."id" ASC LIMIT ?[0m  [["id", 1], ["LIMIT", 1]]
Completed 200 OK in 27ms (Views: 24.4ms | ActiveRecord: 0.5ms)


Started GET "/" for ::1 at 2017-07-20 16:06:04 +0800
Processing by PostsController#index as HTML
  Rendering posts/index.html.erb within layouts/application
  [1m[36mPost Load (0.2ms)[0m  [1m[34mSELECT "posts".* FROM "posts"[0m
  Rendered posts/index.html.erb within layouts/application (1.4ms)
  [1m[36mUser Load (0.2ms)[0m  [1m[34mSELECT  "users".* FROM "users" WHERE "users"."id" = ? ORDER BY "users"."id" ASC LIMIT ?[0m  [["id", 1], ["LIMIT", 1]]
Completed 200 OK in 39ms (Views: 36.4ms | ActiveRecord: 0.4ms)


Started GET "/posts/new" for ::1 at 2017-07-20 16:06:08 +0800
Processing by PostsController#new as HTML
  [1m[36mUser Load (0.6ms)[0m  [1m[34mSELECT  "users".* FROM "users" WHERE "users"."id" = ? ORDER BY "users"."id" ASC LIMIT ?[0m  [["id", 1], ["LIMIT", 1]]
  Rendering posts/new.html.erb within layouts/application
  Rendered posts/_form.html.erb (3.1ms)
  Rendered posts/new.html.erb within layouts/application (4.9ms)
Completed 200 OK in 41ms (Views: 25.2ms | ActiveRecord: 1.5ms)


Started POST "/posts" for ::1 at 2017-07-20 16:06:31 +0800
Processing by PostsController#create as HTML
  Parameters: {"utf8"=>"✓", "authenticity_token"=>"muZhlOiE4o+pjv6rgBnyv6XbLDeFA6BURwKJt8sFa1ThD6q+P8RmmD+3j0DOfDJMpOLhYbKNDlEOtWYMPOp7AA==", "post"=>{"username"=>"marychelle", "body"=>"Today is Thursday!"}, "commit"=>"Create Post"}
  [1m[36mUser Load (0.3ms)[0m  [1m[34mSELECT  "users".* FROM "users" WHERE "users"."id" = ? ORDER BY "users"."id" ASC LIMIT ?[0m  [["id", 1], ["LIMIT", 1]]
  [1m[35m (0.0ms)[0m  [1m[36mbegin transaction[0m
  [1m[35mSQL (0.3ms)[0m  [1m[32mINSERT INTO "posts" ("username", "body", "created_at", "updated_at") VALUES (?, ?, ?, ?)[0m  [["username", "marychelle"], ["body", "Today is Thursday!"], ["created_at", "2017-07-20 08:06:31.975886"], ["updated_at", "2017-07-20 08:06:31.975886"]]
  [1m[35m (3.2ms)[0m  [1m[36mcommit transaction[0m
Redirected to http://localhost:3002/posts/1
Completed 302 Found in 9ms (ActiveRecord: 3.8ms)


Started GET "/posts/1" for ::1 at 2017-07-20 16:06:31 +0800
Processing by PostsController#show as HTML
  Parameters: {"id"=>"1"}
  [1m[36mPost Load (0.2ms)[0m  [1m[34mSELECT  "posts".* FROM "posts" WHERE "posts"."id" = ? LIMIT ?[0m  [["id", 1], ["LIMIT", 1]]
  Rendering posts/show.html.erb within layouts/application
  Rendered posts/show.html.erb within layouts/application (0.8ms)
  [1m[36mUser Load (0.3ms)[0m  [1m[34mSELECT  "users".* FROM "users" WHERE "users"."id" = ? ORDER BY "users"."id" ASC LIMIT ?[0m  [["id", 1], ["LIMIT", 1]]
Completed 200 OK in 30ms (Views: 24.0ms | ActiveRecord: 0.5ms)


Started GET "/posts" for ::1 at 2017-07-20 16:06:51 +0800
Processing by PostsController#index as HTML
  Rendering posts/index.html.erb within layouts/application
  [1m[36mPost Load (0.2ms)[0m  [1m[34mSELECT "posts".* FROM "posts"[0m
  Rendered posts/index.html.erb within layouts/application (2.5ms)
  [1m[36mUser Load (0.2ms)[0m  [1m[34mSELECT  "users".* FROM "users" WHERE "users"."id" = ? ORDER BY "users"."id" ASC LIMIT ?[0m  [["id", 1], ["LIMIT", 1]]
Completed 200 OK in 33ms (Views: 27.6ms | ActiveRecord: 0.4ms)


Started GET "/posts/new" for ::1 at 2017-07-20 16:06:53 +0800
Processing by PostsController#new as HTML
  [1m[36mUser Load (0.3ms)[0m  [1m[34mSELECT  "users".* FROM "users" WHERE "users"."id" = ? ORDER BY "users"."id" ASC LIMIT ?[0m  [["id", 1], ["LIMIT", 1]]
  Rendering posts/new.html.erb within layouts/application
  Rendered posts/_form.html.erb (3.3ms)
  Rendered posts/new.html.erb within layouts/application (5.8ms)
Completed 200 OK in 36ms (Views: 29.5ms | ActiveRecord: 0.3ms)


Started GET "/posts" for ::1 at 2017-07-20 16:06:54 +0800
Processing by PostsController#index as HTML
  Rendering posts/index.html.erb within layouts/application
  [1m[36mPost Load (0.2ms)[0m  [1m[34mSELECT "posts".* FROM "posts"[0m
  Rendered posts/index.html.erb within layouts/application (3.2ms)
  [1m[36mUser Load (0.2ms)[0m  [1m[34mSELECT  "users".* FROM "users" WHERE "users"."id" = ? ORDER BY "users"."id" ASC LIMIT ?[0m  [["id", 1], ["LIMIT", 1]]
Completed 200 OK in 49ms (Views: 44.1ms | ActiveRecord: 0.5ms)


Started GET "/posts/1" for ::1 at 2017-07-20 16:06:57 +0800
Processing by PostsController#show as HTML
  Parameters: {"id"=>"1"}
  [1m[36mPost Load (0.2ms)[0m  [1m[34mSELECT  "posts".* FROM "posts" WHERE "posts"."id" = ? LIMIT ?[0m  [["id", 1], ["LIMIT", 1]]
  Rendering posts/show.html.erb within layouts/application
  Rendered posts/show.html.erb within layouts/application (1.7ms)
  [1m[36mUser Load (0.2ms)[0m  [1m[34mSELECT  "users".* FROM "users" WHERE "users"."id" = ? ORDER BY "users"."id" ASC LIMIT ?[0m  [["id", 1], ["LIMIT", 1]]
Completed 200 OK in 43ms (Views: 31.5ms | ActiveRecord: 0.4ms)


Started DELETE "/users/sign_out" for ::1 at 2017-07-20 16:06:59 +0800
Processing by Devise::SessionsController#destroy as HTML
  Parameters: {"authenticity_token"=>"M+GozZ0AwuH/rFnCNgxsbBSOb5au3Yp3QOQBuxaXggE2CEKu8/AruX0UV8NRvn7+bD+NL9s9sGeJNldlSZVvzA=="}
  [1m[36mUser Load (0.3ms)[0m  [1m[34mSELECT  "users".* FROM "users" WHERE "users"."id" = ? ORDER BY "users"."id" ASC LIMIT ?[0m  [["id", 1], ["LIMIT", 1]]
  [1m[35m (0.1ms)[0m  [1m[36mbegin transaction[0m
  [1m[35m (0.1ms)[0m  [1m[36mcommit transaction[0m
Redirected to http://localhost:3002/
Completed 302 Found in 11ms (ActiveRecord: 0.4ms)


Started GET "/" for ::1 at 2017-07-20 16:06:59 +0800
Processing by PostsController#index as HTML
  Rendering posts/index.html.erb within layouts/application
  [1m[36mPost Load (0.2ms)[0m  [1m[34mSELECT "posts".* FROM "posts"[0m
  Rendered posts/index.html.erb within layouts/application (1.8ms)
Completed 200 OK in 27ms (Views: 25.3ms | ActiveRecord: 0.2ms)


Started GET "/" for ::1 at 2017-07-20 16:09:46 +0800
Processing by PostsController#index as HTML
  Rendering posts/index.html.erb within layouts/application
  [1m[36mPost Load (0.1ms)[0m  [1m[34mSELECT "posts".* FROM "posts"[0m
  Rendered posts/index.html.erb within layouts/application (13.6ms)
Completed 200 OK in 46ms (Views: 38.4ms | ActiveRecord: 1.2ms)


Started GET "/posts/1/edit" for ::1 at 2017-07-20 16:09:49 +0800
Processing by PostsController#edit as HTML
  Parameters: {"id"=>"1"}
Completed 401 Unauthorized in 10ms (ActiveRecord: 0.0ms)


Started GET "/users/sign_in" for ::1 at 2017-07-20 16:09:49 +0800
Processing by Devise::SessionsController#new as HTML
  Rendering /Users/mary_chelle/.rvm/gems/ruby-2.4.0/gems/devise-4.3.0/app/views/devise/sessions/new.html.erb within layouts/application
  Rendered /Users/mary_chelle/.rvm/gems/ruby-2.4.0/gems/devise-4.3.0/app/views/devise/shared/_links.html.erb (1.0ms)
  Rendered /Users/mary_chelle/.rvm/gems/ruby-2.4.0/gems/devise-4.3.0/app/views/devise/sessions/new.html.erb within layouts/application (5.4ms)
Completed 200 OK in 56ms (Views: 24.6ms | ActiveRecord: 0.7ms)


Started GET "/users/sign_up" for ::1 at 2017-07-20 16:10:08 +0800
Processing by Devise::RegistrationsController#new as HTML
  Rendering /Users/mary_chelle/.rvm/gems/ruby-2.4.0/gems/devise-4.3.0/app/views/devise/registrations/new.html.erb within layouts/application
  Rendered /Users/mary_chelle/.rvm/gems/ruby-2.4.0/gems/devise-4.3.0/app/views/devise/shared/_links.html.erb (0.9ms)
  Rendered /Users/mary_chelle/.rvm/gems/ruby-2.4.0/gems/devise-4.3.0/app/views/devise/registrations/new.html.erb within layouts/application (5.3ms)
Completed 200 OK in 35ms (Views: 32.7ms | ActiveRecord: 0.0ms)


Started GET "/users/sign_in" for ::1 at 2017-07-20 16:10:11 +0800
Processing by Devise::SessionsController#new as HTML
  Rendering /Users/mary_chelle/.rvm/gems/ruby-2.4.0/gems/devise-4.3.0/app/views/devise/sessions/new.html.erb within layouts/application
  Rendered /Users/mary_chelle/.rvm/gems/ruby-2.4.0/gems/devise-4.3.0/app/views/devise/shared/_links.html.erb (1.0ms)
  Rendered /Users/mary_chelle/.rvm/gems/ruby-2.4.0/gems/devise-4.3.0/app/views/devise/sessions/new.html.erb within layouts/application (6.4ms)
Completed 200 OK in 40ms (Views: 34.6ms | ActiveRecord: 0.0ms)


Started GET "/users/password/new" for ::1 at 2017-07-20 16:10:15 +0800
Processing by Devise::PasswordsController#new as HTML
  Rendering /Users/mary_chelle/.rvm/gems/ruby-2.4.0/gems/devise-4.3.0/app/views/devise/passwords/new.html.erb within layouts/application
  Rendered /Users/mary_chelle/.rvm/gems/ruby-2.4.0/gems/devise-4.3.0/app/views/devise/shared/_links.html.erb (1.3ms)
  Rendered /Users/mary_chelle/.rvm/gems/ruby-2.4.0/gems/devise-4.3.0/app/views/devise/passwords/new.html.erb within layouts/application (7.2ms)
Completed 200 OK in 41ms (Views: 31.1ms | ActiveRecord: 0.0ms)


Started POST "/users/password" for ::1 at 2017-07-20 16:10:22 +0800
Processing by Devise::PasswordsController#create as HTML
  Parameters: {"utf8"=>"✓", "authenticity_token"=>"sEQ2veaXSrZe7aDNMTjtZAZ/9jz2SFPxWOOtveiwicY9zzmM/5xd7R4q2A9CrnNt6uClFdf0B+obDLuY0O0bEw==", "user"=>{"email"=>"marychellecarreon@gmail.com"}, "commit"=>"Send me reset password instructions"}
  [1m[36mUser Load (0.3ms)[0m  [1m[34mSELECT  "users".* FROM "users" WHERE "users"."email" = ? ORDER BY "users"."id" ASC LIMIT ?[0m  [["email", "marychellecarreon@gmail.com"], ["LIMIT", 1]]
  [1m[36mUser Load (0.2ms)[0m  [1m[34mSELECT  "users".* FROM "users" WHERE "users"."reset_password_token" = ? ORDER BY "users"."id" ASC LIMIT ?[0m  [["reset_password_token", "c4a1768e5b257a01a0950c0f7535bacc19476d1ad666a85967891a10f7730ac5"], ["LIMIT", 1]]
  [1m[35m (0.1ms)[0m  [1m[36mbegin transaction[0m
  [1m[35mSQL (0.3ms)[0m  [1m[33mUPDATE "users" SET "reset_password_token" = ?, "reset_password_sent_at" = ?, "updated_at" = ? WHERE "users"."id" = ?[0m  [["reset_password_token", "c4a1768e5b257a01a0950c0f7535bacc19476d1ad666a85967891a10f7730ac5"], ["reset_password_sent_at", "2017-07-20 08:10:22.643927"], ["updated_at", "2017-07-20 08:10:22.644428"], ["id", 1]]
  [1m[35m (1.6ms)[0m  [1m[36mcommit transaction[0m
  Rendering /Users/mary_chelle/.rvm/gems/ruby-2.4.0/gems/devise-4.3.0/app/views/devise/mailer/reset_password_instructions.html.erb
  Rendered /Users/mary_chelle/.rvm/gems/ruby-2.4.0/gems/devise-4.3.0/app/views/devise/mailer/reset_password_instructions.html.erb (1.2ms)
Devise::Mailer#reset_password_instructions: processed outbound mail in 285.5ms
Sent mail to marychellecarreon@gmail.com (18.9ms)
Date: Thu, 20 Jul 2017 16:10:23 +0800
From: please-change-me-at-config-initializers-devise@example.com
Reply-To: please-change-me-at-config-initializers-devise@example.com
To: marychellecarreon@gmail.com
Message-ID: <5970656f385db_f4c03fec015e535844799@MaryCheeCarreon.mail>
Subject: Reset password instructions
Mime-Version: 1.0
Content-Type: text/html;
 charset=UTF-8
Content-Transfer-Encoding: 7bit

<p>Hello marychellecarreon@gmail.com!</p>

<p>Someone has requested a link to change your password. You can do this through the link below.</p>

<p><a href="http://localhost:3000/users/password/edit?reset_password_token=xoYmDbBY6SzmchP6CrsJ">Change my password</a></p>

<p>If you didn't request this, please ignore this email.</p>
<p>Your password won't change until you access the link above and create a new one.</p>

Redirected to http://localhost:3002/users/sign_in
Completed 302 Found in 907ms (ActiveRecord: 2.5ms)


Started GET "/users/sign_in" for ::1 at 2017-07-20 16:10:23 +0800
Processing by Devise::SessionsController#new as HTML
  Rendering /Users/mary_chelle/.rvm/gems/ruby-2.4.0/gems/devise-4.3.0/app/views/devise/sessions/new.html.erb within layouts/application
  Rendered /Users/mary_chelle/.rvm/gems/ruby-2.4.0/gems/devise-4.3.0/app/views/devise/shared/_links.html.erb (1.5ms)
  Rendered /Users/mary_chelle/.rvm/gems/ruby-2.4.0/gems/devise-4.3.0/app/views/devise/sessions/new.html.erb within layouts/application (7.2ms)
Completed 200 OK in 29ms (Views: 27.6ms | ActiveRecord: 0.0ms)


Started POST "/users/sign_in" for ::1 at 2017-07-20 16:11:07 +0800
Processing by Devise::SessionsController#create as HTML
  Parameters: {"utf8"=>"✓", "authenticity_token"=>"rjl/Mk9dV4lPUNPY/pdnSh7NEXpPJUjgiHWDnX9Yl+j8i+J1tzKtNsTT33nKflu56d6u4FUqwCw/ouPU4z581Q==", "user"=>{"email"=>"marychellecarreon@gmail.com", "password"=>"[FILTERED]", "remember_me"=>"0"}, "commit"=>"Log in"}
  [1m[36mUser Load (0.3ms)[0m  [1m[34mSELECT  "users".* FROM "users" WHERE "users"."email" = ? ORDER BY "users"."id" ASC LIMIT ?[0m  [["email", "marychellecarreon@gmail.com"], ["LIMIT", 1]]
  [1m[35m (0.1ms)[0m  [1m[36mbegin transaction[0m
  [1m[35mSQL (0.4ms)[0m  [1m[33mUPDATE "users" SET "current_sign_in_at" = ?, "sign_in_count" = ?, "updated_at" = ? WHERE "users"."id" = ?[0m  [["current_sign_in_at", "2017-07-20 08:11:07.921224"], ["sign_in_count", 2], ["updated_at", "2017-07-20 08:11:07.921875"], ["id", 1]]
  [1m[35m (1.7ms)[0m  [1m[36mcommit transaction[0m
Redirected to http://localhost:3002/posts/1/edit
Completed 302 Found in 169ms (ActiveRecord: 2.4ms)


Started GET "/posts/1/edit" for ::1 at 2017-07-20 16:11:07 +0800
Processing by PostsController#edit as HTML
  Parameters: {"id"=>"1"}
  [1m[36mUser Load (0.2ms)[0m  [1m[34mSELECT  "users".* FROM "users" WHERE "users"."id" = ? ORDER BY "users"."id" ASC LIMIT ?[0m  [["id", 1], ["LIMIT", 1]]
  [1m[36mPost Load (0.2ms)[0m  [1m[34mSELECT  "posts".* FROM "posts" WHERE "posts"."id" = ? LIMIT ?[0m  [["id", 1], ["LIMIT", 1]]
  Rendering posts/edit.html.erb within layouts/application
  Rendered posts/_form.html.erb (1.7ms)
  Rendered posts/edit.html.erb within layouts/application (3.3ms)
Completed 200 OK in 21ms (Views: 17.7ms | ActiveRecord: 0.3ms)


Started PATCH "/posts/1" for ::1 at 2017-07-20 16:11:18 +0800
Processing by PostsController#update as HTML
  Parameters: {"utf8"=>"✓", "authenticity_token"=>"DuFklnmuNXJJIrOBu49wGId2dUj0V22UH2J4kDYDEuaJp11bKFdkzEk1hC08QuuxjWU9tj+4TnWkNBL2at03aA==", "post"=>{"username"=>"marychelle", "body"=>"Tomorrow is Friday!"}, "commit"=>"Update Post", "id"=>"1"}
  [1m[36mUser Load (0.3ms)[0m  [1m[34mSELECT  "users".* FROM "users" WHERE "users"."id" = ? ORDER BY "users"."id" ASC LIMIT ?[0m  [["id", 1], ["LIMIT", 1]]
  [1m[36mPost Load (0.2ms)[0m  [1m[34mSELECT  "posts".* FROM "posts" WHERE "posts"."id" = ? LIMIT ?[0m  [["id", 1], ["LIMIT", 1]]
  [1m[35m (0.1ms)[0m  [1m[36mbegin transaction[0m
  [1m[35mSQL (0.4ms)[0m  [1m[33mUPDATE "posts" SET "body" = ?, "updated_at" = ? WHERE "posts"."id" = ?[0m  [["body", "Tomorrow is Friday!"], ["updated_at", "2017-07-20 08:11:19.002930"], ["id", 1]]
  [1m[35m (1.5ms)[0m  [1m[36mcommit transaction[0m
Redirected to http://localhost:3002/posts/1
Completed 302 Found in 9ms (ActiveRecord: 2.5ms)


Started GET "/posts/1" for ::1 at 2017-07-20 16:11:19 +0800
Processing by PostsController#show as HTML
  Parameters: {"id"=>"1"}
  [1m[36mPost Load (0.5ms)[0m  [1m[34mSELECT  "posts".* FROM "posts" WHERE "posts"."id" = ? LIMIT ?[0m  [["id", 1], ["LIMIT", 1]]
  Rendering posts/show.html.erb within layouts/application
  Rendered posts/show.html.erb within layouts/application (0.7ms)
  [1m[36mUser Load (0.2ms)[0m  [1m[34mSELECT  "users".* FROM "users" WHERE "users"."id" = ? ORDER BY "users"."id" ASC LIMIT ?[0m  [["id", 1], ["LIMIT", 1]]
Completed 200 OK in 23ms (Views: 18.4ms | ActiveRecord: 0.7ms)


Started GET "/posts" for ::1 at 2017-07-20 16:11:23 +0800
Processing by PostsController#index as HTML
  Rendering posts/index.html.erb within layouts/application
  [1m[36mPost Load (0.2ms)[0m  [1m[34mSELECT "posts".* FROM "posts"[0m
  Rendered posts/index.html.erb within layouts/application (2.5ms)
  [1m[36mUser Load (0.3ms)[0m  [1m[34mSELECT  "users".* FROM "users" WHERE "users"."id" = ? ORDER BY "users"."id" ASC LIMIT ?[0m  [["id", 1], ["LIMIT", 1]]
Completed 200 OK in 28ms (Views: 24.8ms | ActiveRecord: 0.5ms)


Started DELETE "/users/sign_out" for ::1 at 2017-07-20 16:11:28 +0800
Processing by Devise::SessionsController#destroy as HTML
  Parameters: {"authenticity_token"=>"QsQasLZjvK7mqt/bHfqU1w5iUyZq+kF3LktKxKanskzFgiN955rtEOa96HeaNw9+BHEb2KEVYpaVHSCi+nmXwg=="}
  [1m[36mUser Load (0.4ms)[0m  [1m[34mSELECT  "users".* FROM "users" WHERE "users"."id" = ? ORDER BY "users"."id" ASC LIMIT ?[0m  [["id", 1], ["LIMIT", 1]]
  [1m[35m (0.2ms)[0m  [1m[36mbegin transaction[0m
  [1m[35m (0.1ms)[0m  [1m[36mcommit transaction[0m
Redirected to http://localhost:3002/
Completed 302 Found in 9ms (ActiveRecord: 0.7ms)


Started GET "/" for ::1 at 2017-07-20 16:11:28 +0800
Processing by PostsController#index as HTML
  Rendering posts/index.html.erb within layouts/application
  [1m[36mPost Load (0.2ms)[0m  [1m[34mSELECT "posts".* FROM "posts"[0m
  Rendered posts/index.html.erb within layouts/application (2.1ms)
Completed 200 OK in 20ms (Views: 17.9ms | ActiveRecord: 0.2ms)


Started GET "/posts/new" for ::1 at 2017-07-20 16:11:32 +0800
Processing by PostsController#new as HTML
Completed 401 Unauthorized in 1ms (ActiveRecord: 0.0ms)


Started GET "/users/sign_in" for ::1 at 2017-07-20 16:11:32 +0800
Processing by Devise::SessionsController#new as HTML
  Rendering /Users/mary_chelle/.rvm/gems/ruby-2.4.0/gems/devise-4.3.0/app/views/devise/sessions/new.html.erb within layouts/application
  Rendered /Users/mary_chelle/.rvm/gems/ruby-2.4.0/gems/devise-4.3.0/app/views/devise/shared/_links.html.erb (0.9ms)
  Rendered /Users/mary_chelle/.rvm/gems/ruby-2.4.0/gems/devise-4.3.0/app/views/devise/sessions/new.html.erb within layouts/application (6.7ms)
Completed 200 OK in 31ms (Views: 29.3ms | ActiveRecord: 0.0ms)


Started GET "/posts/new" for ::1 at 2017-07-20 16:11:40 +0800
Processing by PostsController#new as HTML
Completed 401 Unauthorized in 1ms (ActiveRecord: 0.0ms)


Started GET "/users/sign_in" for ::1 at 2017-07-20 16:11:40 +0800
Processing by Devise::SessionsController#new as HTML
  Rendering /Users/mary_chelle/.rvm/gems/ruby-2.4.0/gems/devise-4.3.0/app/views/devise/sessions/new.html.erb within layouts/application
  Rendered /Users/mary_chelle/.rvm/gems/ruby-2.4.0/gems/devise-4.3.0/app/views/devise/shared/_links.html.erb (1.0ms)
  Rendered /Users/mary_chelle/.rvm/gems/ruby-2.4.0/gems/devise-4.3.0/app/views/devise/sessions/new.html.erb within layouts/application (6.7ms)
Completed 200 OK in 34ms (Views: 32.8ms | ActiveRecord: 0.0ms)


Started GET "/users/sign_up" for ::1 at 2017-07-20 16:11:43 +0800
Processing by Devise::RegistrationsController#new as HTML
  Rendering /Users/mary_chelle/.rvm/gems/ruby-2.4.0/gems/devise-4.3.0/app/views/devise/registrations/new.html.erb within layouts/application
  Rendered /Users/mary_chelle/.rvm/gems/ruby-2.4.0/gems/devise-4.3.0/app/views/devise/shared/_links.html.erb (0.9ms)
  Rendered /Users/mary_chelle/.rvm/gems/ruby-2.4.0/gems/devise-4.3.0/app/views/devise/registrations/new.html.erb within layouts/application (5.3ms)
Completed 200 OK in 36ms (Views: 33.9ms | ActiveRecord: 0.0ms)


Started GET "/users/sign_in" for ::1 at 2017-07-20 16:11:45 +0800
Processing by Devise::SessionsController#new as HTML
  Rendering /Users/mary_chelle/.rvm/gems/ruby-2.4.0/gems/devise-4.3.0/app/views/devise/sessions/new.html.erb within layouts/application
  Rendered /Users/mary_chelle/.rvm/gems/ruby-2.4.0/gems/devise-4.3.0/app/views/devise/shared/_links.html.erb (1.0ms)
  Rendered /Users/mary_chelle/.rvm/gems/ruby-2.4.0/gems/devise-4.3.0/app/views/devise/sessions/new.html.erb within layouts/application (5.0ms)
Completed 200 OK in 44ms (Views: 40.0ms | ActiveRecord: 0.0ms)


Started POST "/users/sign_in" for ::1 at 2017-07-20 16:11:51 +0800
Processing by Devise::SessionsController#create as HTML
  Parameters: {"utf8"=>"✓", "authenticity_token"=>"ECu8Vt3mAU1W7tB4D9RVkfyaDsiTnJt4anGJ0F2dKKZ1lzfFo+IO8xSS7kogXRThPA92mRAIbkLNbow783TaFg==", "user"=>{"email"=>"marychellecarreon@gmail.com", "password"=>"[FILTERED]", "remember_me"=>"0"}, "commit"=>"Log in"}
  [1m[36mUser Load (0.2ms)[0m  [1m[34mSELECT  "users".* FROM "users" WHERE "users"."email" = ? ORDER BY "users"."id" ASC LIMIT ?[0m  [["email", "marychellecarreon@gmail.com"], ["LIMIT", 1]]
  [1m[35m (0.1ms)[0m  [1m[36mbegin transaction[0m
  [1m[35mSQL (0.3ms)[0m  [1m[33mUPDATE "users" SET "current_sign_in_at" = ?, "last_sign_in_at" = ?, "sign_in_count" = ?, "updated_at" = ? WHERE "users"."id" = ?[0m  [["current_sign_in_at", "2017-07-20 08:11:51.705947"], ["last_sign_in_at", "2017-07-20 08:11:07.921224"], ["sign_in_count", 3], ["updated_at", "2017-07-20 08:11:51.706642"], ["id", 1]]
  [1m[35m (1.5ms)[0m  [1m[36mcommit transaction[0m
Redirected to http://localhost:3002/posts/new
Completed 302 Found in 166ms (ActiveRecord: 2.1ms)


Started GET "/posts/new" for ::1 at 2017-07-20 16:11:51 +0800
Processing by PostsController#new as HTML
  [1m[36mUser Load (0.2ms)[0m  [1m[34mSELECT  "users".* FROM "users" WHERE "users"."id" = ? ORDER BY "users"."id" ASC LIMIT ?[0m  [["id", 1], ["LIMIT", 1]]
  Rendering posts/new.html.erb within layouts/application
  Rendered posts/_form.html.erb (2.5ms)
  Rendered posts/new.html.erb within layouts/application (4.0ms)
Completed 200 OK in 23ms (Views: 20.5ms | ActiveRecord: 0.2ms)


Started POST "/posts" for ::1 at 2017-07-20 16:12:10 +0800
Processing by PostsController#create as HTML
  Parameters: {"utf8"=>"✓", "authenticity_token"=>"YeIlkD3gkv2igUcpauYqpdSBfuFxyEUrb08b6c8GYIVdgX3GPaA0UAMwnHLVVgBez1yKv56+Qqw8+eA78y8yRQ==", "post"=>{"username"=>"juan", "body"=>"what?"}, "commit"=>"Create Post"}
  [1m[36mUser Load (0.3ms)[0m  [1m[34mSELECT  "users".* FROM "users" WHERE "users"."id" = ? ORDER BY "users"."id" ASC LIMIT ?[0m  [["id", 1], ["LIMIT", 1]]
  [1m[35m (0.1ms)[0m  [1m[36mbegin transaction[0m
  [1m[35mSQL (0.3ms)[0m  [1m[32mINSERT INTO "posts" ("username", "body", "created_at", "updated_at") VALUES (?, ?, ?, ?)[0m  [["username", "juan"], ["body", "what?"], ["created_at", "2017-07-20 08:12:10.914109"], ["updated_at", "2017-07-20 08:12:10.914109"]]
  [1m[35m (1.8ms)[0m  [1m[36mcommit transaction[0m
Redirected to http://localhost:3002/posts/2
Completed 302 Found in 7ms (ActiveRecord: 2.5ms)


Started GET "/posts/2" for ::1 at 2017-07-20 16:12:10 +0800
Processing by PostsController#show as HTML
  Parameters: {"id"=>"2"}
  [1m[36mPost Load (0.2ms)[0m  [1m[34mSELECT  "posts".* FROM "posts" WHERE "posts"."id" = ? LIMIT ?[0m  [["id", 2], ["LIMIT", 1]]
  Rendering posts/show.html.erb within layouts/application
  Rendered posts/show.html.erb within layouts/application (0.7ms)
  [1m[36mUser Load (0.2ms)[0m  [1m[34mSELECT  "users".* FROM "users" WHERE "users"."id" = ? ORDER BY "users"."id" ASC LIMIT ?[0m  [["id", 1], ["LIMIT", 1]]
Completed 200 OK in 22ms (Views: 19.4ms | ActiveRecord: 0.4ms)


Started GET "/posts" for ::1 at 2017-07-20 16:12:13 +0800
Processing by PostsController#index as HTML
  Rendering posts/index.html.erb within layouts/application
  [1m[36mPost Load (0.2ms)[0m  [1m[34mSELECT "posts".* FROM "posts"[0m
  Rendered posts/index.html.erb within layouts/application (2.9ms)
  [1m[36mUser Load (0.2ms)[0m  [1m[34mSELECT  "users".* FROM "users" WHERE "users"."id" = ? ORDER BY "users"."id" ASC LIMIT ?[0m  [["id", 1], ["LIMIT", 1]]
Completed 200 OK in 30ms (Views: 27.2ms | ActiveRecord: 0.4ms)


Started DELETE "/posts/2" for ::1 at 2017-07-20 16:12:20 +0800
Processing by PostsController#destroy as HTML
  Parameters: {"authenticity_token"=>"dVFcrFINx5HwLTcA1o/tJPqRfa2EslMmJhfqaMAgDKtJMgT6Uk1hPFGc7FtpP8ff4UyJ82vEVKF1oRG6/Aleaw==", "id"=>"2"}
  [1m[36mUser Load (0.6ms)[0m  [1m[34mSELECT  "users".* FROM "users" WHERE "users"."id" = ? ORDER BY "users"."id" ASC LIMIT ?[0m  [["id", 1], ["LIMIT", 1]]
  [1m[36mPost Load (0.3ms)[0m  [1m[34mSELECT  "posts".* FROM "posts" WHERE "posts"."id" = ? LIMIT ?[0m  [["id", 2], ["LIMIT", 1]]
  [1m[35m (0.1ms)[0m  [1m[36mbegin transaction[0m
  [1m[35mSQL (1.7ms)[0m  [1m[31mDELETE FROM "posts" WHERE "posts"."id" = ?[0m  [["id", 2]]
  [1m[35m (1.7ms)[0m  [1m[36mcommit transaction[0m
Redirected to http://localhost:3002/posts
Completed 302 Found in 10ms (ActiveRecord: 4.3ms)


Started GET "/posts" for ::1 at 2017-07-20 16:12:20 +0800
Processing by PostsController#index as HTML
  Rendering posts/index.html.erb within layouts/application
  [1m[36mPost Load (0.2ms)[0m  [1m[34mSELECT "posts".* FROM "posts"[0m
  Rendered posts/index.html.erb within layouts/application (1.5ms)
  [1m[36mUser Load (0.2ms)[0m  [1m[34mSELECT  "users".* FROM "users" WHERE "users"."id" = ? ORDER BY "users"."id" ASC LIMIT ?[0m  [["id", 1], ["LIMIT", 1]]
Completed 200 OK in 25ms (Views: 20.6ms | ActiveRecord: 0.4ms)


Started DELETE "/users/sign_out" for ::1 at 2017-07-20 16:12:48 +0800
Processing by Devise::SessionsController#destroy as HTML
  Parameters: {"authenticity_token"=>"AmATHrVdWLzHdCVjF6eZgDPQY6z40UP7Jb4lKO0qcgc+A0tItR3+EWbF/jioF7N7KA2X8henRHx2CN760QMgxw=="}
  [1m[36mUser Load (0.2ms)[0m  [1m[34mSELECT  "users".* FROM "users" WHERE "users"."id" = ? ORDER BY "users"."id" ASC LIMIT ?[0m  [["id", 1], ["LIMIT", 1]]
  [1m[35m (0.1ms)[0m  [1m[36mbegin transaction[0m
  [1m[35m (0.1ms)[0m  [1m[36mcommit transaction[0m
Redirected to http://localhost:3002/
Completed 302 Found in 5ms (ActiveRecord: 0.4ms)


Started GET "/" for ::1 at 2017-07-20 16:12:48 +0800
Processing by PostsController#index as HTML
  Rendering posts/index.html.erb within layouts/application
  [1m[36mPost Load (0.1ms)[0m  [1m[34mSELECT "posts".* FROM "posts"[0m
  Rendered posts/index.html.erb within layouts/application (1.6ms)
Completed 200 OK in 21ms (Views: 19.2ms | ActiveRecord: 0.1ms)


Started GET "/users/sign_up" for ::1 at 2017-07-20 16:12:55 +0800
Processing by Devise::RegistrationsController#new as HTML
  Rendering /Users/mary_chelle/.rvm/gems/ruby-2.4.0/gems/devise-4.3.0/app/views/devise/registrations/new.html.erb within layouts/application
  Rendered /Users/mary_chelle/.rvm/gems/ruby-2.4.0/gems/devise-4.3.0/app/views/devise/shared/_links.html.erb (0.9ms)
  Rendered /Users/mary_chelle/.rvm/gems/ruby-2.4.0/gems/devise-4.3.0/app/views/devise/registrations/new.html.erb within layouts/application (7.0ms)
Completed 200 OK in 35ms (Views: 33.6ms | ActiveRecord: 0.0ms)


Started GET "/users/sign_in" for ::1 at 2017-07-20 16:12:57 +0800
Processing by Devise::SessionsController#new as HTML
  Rendering /Users/mary_chelle/.rvm/gems/ruby-2.4.0/gems/devise-4.3.0/app/views/devise/sessions/new.html.erb within layouts/application
  Rendered /Users/mary_chelle/.rvm/gems/ruby-2.4.0/gems/devise-4.3.0/app/views/devise/shared/_links.html.erb (1.0ms)
  Rendered /Users/mary_chelle/.rvm/gems/ruby-2.4.0/gems/devise-4.3.0/app/views/devise/sessions/new.html.erb within layouts/application (5.2ms)
Completed 200 OK in 36ms (Views: 34.3ms | ActiveRecord: 0.0ms)


Started GET "/users/sign_in" for ::1 at 2017-07-20 16:15:42 +0800
Processing by Devise::SessionsController#new as HTML
  Rendering /Users/mary_chelle/.rvm/gems/ruby-2.4.0/gems/devise-4.3.0/app/views/devise/sessions/new.html.erb within layouts/application
  Rendered /Users/mary_chelle/.rvm/gems/ruby-2.4.0/gems/devise-4.3.0/app/views/devise/shared/_links.html.erb (1.4ms)
  Rendered /Users/mary_chelle/.rvm/gems/ruby-2.4.0/gems/devise-4.3.0/app/views/devise/sessions/new.html.erb within layouts/application (9.9ms)
Completed 200 OK in 46ms (Views: 43.7ms | ActiveRecord: 0.0ms)


Started GET "/users/sign_up" for ::1 at 2017-07-20 16:15:44 +0800
Processing by Devise::RegistrationsController#new as HTML
  Rendering /Users/mary_chelle/.rvm/gems/ruby-2.4.0/gems/devise-4.3.0/app/views/devise/registrations/new.html.erb within layouts/application
  Rendered /Users/mary_chelle/.rvm/gems/ruby-2.4.0/gems/devise-4.3.0/app/views/devise/shared/_links.html.erb (1.6ms)
  Rendered /Users/mary_chelle/.rvm/gems/ruby-2.4.0/gems/devise-4.3.0/app/views/devise/registrations/new.html.erb within layouts/application (10.0ms)
Completed 200 OK in 45ms (Views: 42.6ms | ActiveRecord: 0.0ms)


Started POST "/users" for ::1 at 2017-07-20 16:16:06 +0800
Processing by Devise::RegistrationsController#create as HTML
  Parameters: {"utf8"=>"✓", "authenticity_token"=>"x4dIXCKt/p3BD979Db50Nk34G3210L4eGMnneWEp0luB71W6w0akdHPVdUNneEpjmgWMKvSUMI9ANQSU2oRInw==", "user"=>{"email"=>"jeffreycarreon@yahoo.com", "password"=>"[FILTERED]", "password_confirmation"=>"[FILTERED]"}, "commit"=>"Sign up"}
  [1m[35m (0.1ms)[0m  [1m[36mbegin transaction[0m
  [1m[36mUser Exists (0.3ms)[0m  [1m[34mSELECT  1 AS one FROM "users" WHERE "users"."email" = ? LIMIT ?[0m  [["email", "jeffreycarreon@yahoo.com"], ["LIMIT", 1]]
  [1m[35mSQL (0.4ms)[0m  [1m[32mINSERT INTO "users" ("email", "encrypted_password", "created_at", "updated_at") VALUES (?, ?, ?, ?)[0m  [["email", "jeffreycarreon@yahoo.com"], ["encrypted_password", "$2a$11$KOqmSzlyzXeA4HR9gpRZMOU7LLe64jPJimkZZmwmvcvL/BbC1h71y"], ["created_at", "2017-07-20 08:16:06.579704"], ["updated_at", "2017-07-20 08:16:06.579704"]]
  [1m[35m (1.6ms)[0m  [1m[36mcommit transaction[0m
  [1m[35m (0.1ms)[0m  [1m[36mbegin transaction[0m
  [1m[35mSQL (0.3ms)[0m  [1m[33mUPDATE "users" SET "sign_in_count" = ?, "current_sign_in_at" = ?, "last_sign_in_at" = ?, "current_sign_in_ip" = ?, "last_sign_in_ip" = ?, "updated_at" = ? WHERE "users"."id" = ?[0m  [["sign_in_count", 1], ["current_sign_in_at", "2017-07-20 08:16:06.583444"], ["last_sign_in_at", "2017-07-20 08:16:06.583444"], ["current_sign_in_ip", "::1"], ["last_sign_in_ip", "::1"], ["updated_at", "2017-07-20 08:16:06.583955"], ["id", 2]]
  [1m[35m (1.7ms)[0m  [1m[36mcommit transaction[0m
Redirected to http://localhost:3002/
Completed 302 Found in 166ms (ActiveRecord: 4.5ms)


Started GET "/" for ::1 at 2017-07-20 16:16:06 +0800
Processing by PostsController#index as HTML
  Rendering posts/index.html.erb within layouts/application
  [1m[36mPost Load (0.2ms)[0m  [1m[34mSELECT "posts".* FROM "posts"[0m
  Rendered posts/index.html.erb within layouts/application (1.7ms)
  [1m[36mUser Load (0.3ms)[0m  [1m[34mSELECT  "users".* FROM "users" WHERE "users"."id" = ? ORDER BY "users"."id" ASC LIMIT ?[0m  [["id", 2], ["LIMIT", 1]]
Completed 200 OK in 20ms (Views: 18.4ms | ActiveRecord: 0.4ms)


Started GET "/" for ::1 at 2017-07-20 16:26:54 +0800
Processing by PostsController#index as HTML
  Rendering posts/index.html.erb within layouts/application
  [1m[36mPost Load (0.2ms)[0m  [1m[34mSELECT "posts".* FROM "posts"[0m
  Rendered posts/index.html.erb within layouts/application (1.8ms)
  [1m[36mUser Load (0.2ms)[0m  [1m[34mSELECT  "users".* FROM "users" WHERE "users"."id" = ? ORDER BY "users"."id" ASC LIMIT ?[0m  [["id", 2], ["LIMIT", 1]]
Completed 200 OK in 22ms (Views: 20.2ms | ActiveRecord: 0.3ms)


Started POST "/users" for ::1 at 2017-07-20 16:27:04 +0800
Processing by Devise::RegistrationsController#create as HTML
  Parameters: {"utf8"=>"✓", "authenticity_token"=>"xpYJSvU0oy7AjDdDFobmyGqWWM0+6EvfLf+EZ6nsfuxh0cnzCsrvXZV0iZIZEClZysZhvweCNG7u5uKN86HYBg==", "user"=>{"email"=>"jeffreycarreon@yahoo.com", "password"=>"[FILTERED]", "password_confirmation"=>"[FILTERED]"}, "commit"=>"Sign up"}
  [1m[36mUser Load (0.2ms)[0m  [1m[34mSELECT  "users".* FROM "users" WHERE "users"."id" = ? ORDER BY "users"."id" ASC LIMIT ?[0m  [["id", 2], ["LIMIT", 1]]
Redirected to http://localhost:3002/
Filter chain halted as :require_no_authentication rendered or redirected
Completed 302 Found in 2ms (ActiveRecord: 0.2ms)


Started GET "/" for ::1 at 2017-07-20 16:27:04 +0800
Processing by PostsController#index as HTML
  Rendering posts/index.html.erb within layouts/application
  [1m[36mPost Load (0.1ms)[0m  [1m[34mSELECT "posts".* FROM "posts"[0m
  Rendered posts/index.html.erb within layouts/application (1.7ms)
  [1m[36mUser Load (0.2ms)[0m  [1m[34mSELECT  "users".* FROM "users" WHERE "users"."id" = ? ORDER BY "users"."id" ASC LIMIT ?[0m  [["id", 2], ["LIMIT", 1]]
Completed 200 OK in 23ms (Views: 20.0ms | ActiveRecord: 0.3ms)


Started DELETE "/users/sign_out" for ::1 at 2017-07-20 16:27:10 +0800
Processing by Devise::SessionsController#destroy as HTML
  Parameters: {"authenticity_token"=>"PwujUZyv6LFBVjtua1s0vvUqw9LZswsDlGe+f5TGateYTGPoY1GkwhSuhb9kzfsvVXr6oODZdLJXftiVzovMPQ=="}
  [1m[36mUser Load (0.5ms)[0m  [1m[34mSELECT  "users".* FROM "users" WHERE "users"."id" = ? ORDER BY "users"."id" ASC LIMIT ?[0m  [["id", 2], ["LIMIT", 1]]
  [1m[35m (0.1ms)[0m  [1m[36mbegin transaction[0m
  [1m[35m (0.1ms)[0m  [1m[36mcommit transaction[0m
Redirected to http://localhost:3002/
Completed 302 Found in 5ms (ActiveRecord: 0.6ms)


Started GET "/" for ::1 at 2017-07-20 16:27:10 +0800
Processing by PostsController#index as HTML
  Rendering posts/index.html.erb within layouts/application
  [1m[36mPost Load (0.3ms)[0m  [1m[34mSELECT "posts".* FROM "posts"[0m
  Rendered posts/index.html.erb within layouts/application (2.8ms)
Completed 200 OK in 21ms (Views: 18.7ms | ActiveRecord: 0.3ms)


Started DELETE "/posts/1" for ::1 at 2017-07-20 16:28:02 +0800
Processing by PostsController#destroy as HTML
  Parameters: {"authenticity_token"=>"SV7pB9/0YagbKiOr+WfsvWSw06ziny77SKo9C5SLdbT4HHkq2mCHYu9GPXP5eVPgMSr2zxiy7H/ySx8h/BAt/Q==", "id"=>"1"}
Completed 401 Unauthorized in 1ms (ActiveRecord: 0.0ms)


Started GET "/users/sign_in" for ::1 at 2017-07-20 16:28:02 +0800
Processing by Devise::SessionsController#new as HTML
  Rendering /Users/mary_chelle/.rvm/gems/ruby-2.4.0/gems/devise-4.3.0/app/views/devise/sessions/new.html.erb within layouts/application
  Rendered /Users/mary_chelle/.rvm/gems/ruby-2.4.0/gems/devise-4.3.0/app/views/devise/shared/_links.html.erb (0.9ms)
  Rendered /Users/mary_chelle/.rvm/gems/ruby-2.4.0/gems/devise-4.3.0/app/views/devise/sessions/new.html.erb within layouts/application (6.1ms)
Completed 200 OK in 30ms (Views: 28.9ms | ActiveRecord: 0.0ms)


Started POST "/users/sign_in" for ::1 at 2017-07-20 16:28:21 +0800
Processing by Devise::SessionsController#create as HTML
  Parameters: {"utf8"=>"✓", "authenticity_token"=>"JAptalIuX9U9wNbrNyrANSKHMwzJUW1OF/qLRmauSiGVSP1HV7q5H8msyDM3NH9odx0WbzN8r8qtG6lsDjUSaA==", "user"=>{"email"=>"", "password"=>"[FILTERED]", "remember_me"=>"0"}, "commit"=>"Log in"}
Completed 401 Unauthorized in 2ms (ActiveRecord: 0.0ms)


Processing by Devise::SessionsController#new as HTML
  Parameters: {"utf8"=>"✓", "authenticity_token"=>"JAptalIuX9U9wNbrNyrANSKHMwzJUW1OF/qLRmauSiGVSP1HV7q5H8msyDM3NH9odx0WbzN8r8qtG6lsDjUSaA==", "user"=>{"email"=>"", "password"=>"[FILTERED]", "remember_me"=>"0"}, "commit"=>"Log in"}
  Rendering /Users/mary_chelle/.rvm/gems/ruby-2.4.0/gems/devise-4.3.0/app/views/devise/sessions/new.html.erb within layouts/application
  Rendered /Users/mary_chelle/.rvm/gems/ruby-2.4.0/gems/devise-4.3.0/app/views/devise/shared/_links.html.erb (1.2ms)
  Rendered /Users/mary_chelle/.rvm/gems/ruby-2.4.0/gems/devise-4.3.0/app/views/devise/sessions/new.html.erb within layouts/application (6.1ms)
Completed 200 OK in 29ms (Views: 27.2ms | ActiveRecord: 0.0ms)


Started POST "/users/sign_in" for ::1 at 2017-07-20 16:28:28 +0800
Processing by Devise::SessionsController#create as HTML
  Parameters: {"utf8"=>"✓", "authenticity_token"=>"y/9IOJ+bdyMkowv1V+tnO4Y/Hlr8kP89UkFG6LFlb/R6vdgVmg+R6dDPFS1X9dhm06U7OQa9PbnooGTC2f43vQ==", "user"=>{"email"=>"marychellecarreon@gmail.com", "password"=>"[FILTERED]", "remember_me"=>"0"}, "commit"=>"Log in"}
  [1m[36mUser Load (0.2ms)[0m  [1m[34mSELECT  "users".* FROM "users" WHERE "users"."email" = ? ORDER BY "users"."id" ASC LIMIT ?[0m  [["email", "marychellecarreon@gmail.com"], ["LIMIT", 1]]
  [1m[35m (0.1ms)[0m  [1m[36mbegin transaction[0m
  [1m[35mSQL (0.3ms)[0m  [1m[33mUPDATE "users" SET "current_sign_in_at" = ?, "last_sign_in_at" = ?, "sign_in_count" = ?, "updated_at" = ? WHERE "users"."id" = ?[0m  [["current_sign_in_at", "2017-07-20 08:28:28.826284"], ["last_sign_in_at", "2017-07-20 08:11:51.705947"], ["sign_in_count", 4], ["updated_at", "2017-07-20 08:28:28.826981"], ["id", 1]]
  [1m[35m (1.6ms)[0m  [1m[36mcommit transaction[0m
Redirected to http://localhost:3002/
Completed 302 Found in 157ms (ActiveRecord: 2.2ms)


Started GET "/" for ::1 at 2017-07-20 16:28:28 +0800
Processing by PostsController#index as HTML
  Rendering posts/index.html.erb within layouts/application
  [1m[36mPost Load (0.2ms)[0m  [1m[34mSELECT "posts".* FROM "posts"[0m
  Rendered posts/index.html.erb within layouts/application (1.6ms)
  [1m[36mUser Load (0.2ms)[0m  [1m[34mSELECT  "users".* FROM "users" WHERE "users"."id" = ? ORDER BY "users"."id" ASC LIMIT ?[0m  [["id", 1], ["LIMIT", 1]]
Completed 200 OK in 22ms (Views: 19.8ms | ActiveRecord: 0.3ms)


Started GET "/" for ::1 at 2017-07-20 16:31:32 +0800
Processing by PostsController#index as HTML
  Rendering posts/index.html.erb within layouts/application
  [1m[36mPost Load (0.2ms)[0m  [1m[34mSELECT "posts".* FROM "posts"[0m
  Rendered posts/index.html.erb within layouts/application (1.6ms)
  [1m[36mUser Load (0.2ms)[0m  [1m[34mSELECT  "users".* FROM "users" WHERE "users"."id" = ? ORDER BY "users"."id" ASC LIMIT ?[0m  [["id", 1], ["LIMIT", 1]]
Completed 200 OK in 22ms (Views: 19.4ms | ActiveRecord: 0.4ms)


Started GET "/users/edit" for ::1 at 2017-07-20 16:31:34 +0800
Processing by Devise::RegistrationsController#edit as HTML
  [1m[36mUser Load (0.3ms)[0m  [1m[34mSELECT  "users".* FROM "users" WHERE "users"."id" = ? ORDER BY "users"."id" ASC LIMIT ?[0m  [["id", 1], ["LIMIT", 1]]
  Rendering /Users/mary_chelle/.rvm/gems/ruby-2.4.0/gems/devise-4.3.0/app/views/devise/registrations/edit.html.erb within layouts/application
  Rendered /Users/mary_chelle/.rvm/gems/ruby-2.4.0/gems/devise-4.3.0/app/views/devise/registrations/edit.html.erb within layouts/application (3.0ms)
Completed 200 OK in 34ms (Views: 29.3ms | ActiveRecord: 0.3ms)


Started PUT "/users" for ::1 at 2017-07-20 16:31:44 +0800
Processing by Devise::RegistrationsController#update as HTML
  Parameters: {"utf8"=>"✓", "authenticity_token"=>"M92QWFTzhM095FKAe9etBGwkrO80LJZJrPAhH+CfNTUnrTCfO+4KTBd1ktBdiNWYcb4MCjVtyzSRpSiOBU2q1Q==", "user"=>{"email"=>"marychellecarreon@gmail.com", "password"=>"[FILTERED]", "password_confirmation"=>"[FILTERED]", "current_password"=>"[FILTERED]"}, "commit"=>"Update"}
  [1m[36mUser Load (1.5ms)[0m  [1m[34mSELECT  "users".* FROM "users" WHERE "users"."id" = ? ORDER BY "users"."id" ASC LIMIT ?[0m  [["id", 1], ["LIMIT", 1]]
  [1m[36mUser Load (0.3ms)[0m  [1m[34mSELECT  "users".* FROM "users" WHERE "users"."id" = ? LIMIT ?[0m  [["id", 1], ["LIMIT", 1]]
  Rendering /Users/mary_chelle/.rvm/gems/ruby-2.4.0/gems/devise-4.3.0/app/views/devise/registrations/edit.html.erb within layouts/application
  Rendered /Users/mary_chelle/.rvm/gems/ruby-2.4.0/gems/devise-4.3.0/app/views/devise/registrations/edit.html.erb within layouts/application (2.7ms)
Completed 200 OK in 324ms (Views: 19.1ms | ActiveRecord: 1.8ms)


Started PUT "/users" for ::1 at 2017-07-20 16:31:58 +0800
Processing by Devise::RegistrationsController#update as HTML
  Parameters: {"utf8"=>"✓", "authenticity_token"=>"pdwWeZ/EUNlAFqmre7MphbHoOm7KgZqriID/GYljPXc4h/1Ux3FqDCAuQlJv54VuJmESfFZrmQgdy7z/4tDE1Q==", "user"=>{"email"=>"marychellecarreon@gmail.com", "password"=>"[FILTERED]", "password_confirmation"=>"[FILTERED]", "current_password"=>"[FILTERED]"}, "commit"=>"Update"}
  [1m[36mUser Load (0.4ms)[0m  [1m[34mSELECT  "users".* FROM "users" WHERE "users"."id" = ? ORDER BY "users"."id" ASC LIMIT ?[0m  [["id", 1], ["LIMIT", 1]]
  [1m[36mUser Load (0.3ms)[0m  [1m[34mSELECT  "users".* FROM "users" WHERE "users"."id" = ? LIMIT ?[0m  [["id", 1], ["LIMIT", 1]]
  [1m[35m (0.1ms)[0m  [1m[36mbegin transaction[0m
  [1m[35mSQL (0.5ms)[0m  [1m[33mUPDATE "users" SET "encrypted_password" = ?, "reset_password_token" = ?, "reset_password_sent_at" = ?, "updated_at" = ? WHERE "users"."id" = ?[0m  [["encrypted_password", "$2a$11$5zw0qCV6RFny26Q8VfXxO.x5QZ7oA/OEp.3h3RiQXQdVyn.K6VaRO"], ["reset_password_token", nil], ["reset_password_sent_at", nil], ["updated_at", "2017-07-20 08:31:58.542276"], ["id", 1]]
  [1m[35m (1.6ms)[0m  [1m[36mcommit transaction[0m
Redirected to http://localhost:3002/
Completed 302 Found in 314ms (ActiveRecord: 2.8ms)


Started GET "/" for ::1 at 2017-07-20 16:31:58 +0800
Processing by PostsController#index as HTML
  Rendering posts/index.html.erb within layouts/application
  [1m[36mPost Load (0.2ms)[0m  [1m[34mSELECT "posts".* FROM "posts"[0m
  Rendered posts/index.html.erb within layouts/application (1.6ms)
  [1m[36mUser Load (0.2ms)[0m  [1m[34mSELECT  "users".* FROM "users" WHERE "users"."id" = ? ORDER BY "users"."id" ASC LIMIT ?[0m  [["id", 1], ["LIMIT", 1]]
Completed 200 OK in 21ms (Views: 18.9ms | ActiveRecord: 0.4ms)


Started GET "/" for ::1 at 2017-07-20 16:32:37 +0800
Processing by PostsController#index as HTML
  Rendering posts/index.html.erb within layouts/application
  [1m[36mPost Load (0.2ms)[0m  [1m[34mSELECT "posts".* FROM "posts"[0m
  Rendered posts/index.html.erb within layouts/application (1.7ms)
  [1m[36mUser Load (0.2ms)[0m  [1m[34mSELECT  "users".* FROM "users" WHERE "users"."id" = ? ORDER BY "users"."id" ASC LIMIT ?[0m  [["id", 1], ["LIMIT", 1]]
Completed 200 OK in 26ms (Views: 21.7ms | ActiveRecord: 0.4ms)


Started GET "/users/edit" for ::1 at 2017-07-20 16:32:40 +0800
Processing by Devise::RegistrationsController#edit as HTML
  [1m[36mUser Load (0.3ms)[0m  [1m[34mSELECT  "users".* FROM "users" WHERE "users"."id" = ? ORDER BY "users"."id" ASC LIMIT ?[0m  [["id", 1], ["LIMIT", 1]]
  Rendering /Users/mary_chelle/.rvm/gems/ruby-2.4.0/gems/devise-4.3.0/app/views/devise/registrations/edit.html.erb within layouts/application
  Rendered /Users/mary_chelle/.rvm/gems/ruby-2.4.0/gems/devise-4.3.0/app/views/devise/registrations/edit.html.erb within layouts/application (3.4ms)
Completed 200 OK in 35ms (Views: 32.1ms | ActiveRecord: 0.3ms)


Started GET "/posts/new" for ::1 at 2017-07-20 16:32:50 +0800
Processing by PostsController#new as HTML
  [1m[36mUser Load (0.4ms)[0m  [1m[34mSELECT  "users".* FROM "users" WHERE "users"."id" = ? ORDER BY "users"."id" ASC LIMIT ?[0m  [["id", 1], ["LIMIT", 1]]
  Rendering posts/new.html.erb within layouts/application
  Rendered posts/_form.html.erb (2.1ms)
  Rendered posts/new.html.erb within layouts/application (4.2ms)
Completed 200 OK in 33ms (Views: 24.0ms | ActiveRecord: 0.4ms)


Started POST "/posts" for ::1 at 2017-07-20 16:32:58 +0800
Processing by PostsController#create as HTML
  Parameters: {"utf8"=>"✓", "authenticity_token"=>"PHqK09CGxGF/1URW2L9CEgtlnYJKBVcY/Zen2UcM5kXYaklihLZOOKTorpHHhhQI7F0wMCw7GJ26IQ+slN+Spw==", "post"=>{"username"=>"mc", "body"=>"testing"}, "commit"=>"Create Post"}
  [1m[36mUser Load (0.2ms)[0m  [1m[34mSELECT  "users".* FROM "users" WHERE "users"."id" = ? ORDER BY "users"."id" ASC LIMIT ?[0m  [["id", 1], ["LIMIT", 1]]
  [1m[35m (0.1ms)[0m  [1m[36mbegin transaction[0m
  [1m[35mSQL (0.3ms)[0m  [1m[32mINSERT INTO "posts" ("username", "body", "created_at", "updated_at") VALUES (?, ?, ?, ?)[0m  [["username", "mc"], ["body", "testing"], ["created_at", "2017-07-20 08:32:58.881889"], ["updated_at", "2017-07-20 08:32:58.881889"]]
  [1m[35m (1.7ms)[0m  [1m[36mcommit transaction[0m
Redirected to http://localhost:3002/posts/3
Completed 302 Found in 6ms (ActiveRecord: 2.3ms)


Started GET "/posts/3" for ::1 at 2017-07-20 16:32:58 +0800
Processing by PostsController#show as HTML
  Parameters: {"id"=>"3"}
  [1m[36mPost Load (0.1ms)[0m  [1m[34mSELECT  "posts".* FROM "posts" WHERE "posts"."id" = ? LIMIT ?[0m  [["id", 3], ["LIMIT", 1]]
  Rendering posts/show.html.erb within layouts/application
  Rendered posts/show.html.erb within layouts/application (0.6ms)
  [1m[36mUser Load (0.2ms)[0m  [1m[34mSELECT  "users".* FROM "users" WHERE "users"."id" = ? ORDER BY "users"."id" ASC LIMIT ?[0m  [["id", 1], ["LIMIT", 1]]
Completed 200 OK in 20ms (Views: 17.4ms | ActiveRecord: 0.3ms)


Started GET "/posts" for ::1 at 2017-07-20 16:33:04 +0800
Processing by PostsController#index as HTML
  Rendering posts/index.html.erb within layouts/application
  [1m[36mPost Load (0.2ms)[0m  [1m[34mSELECT "posts".* FROM "posts"[0m
  Rendered posts/index.html.erb within layouts/application (3.1ms)
  [1m[36mUser Load (0.2ms)[0m  [1m[34mSELECT  "users".* FROM "users" WHERE "users"."id" = ? ORDER BY "users"."id" ASC LIMIT ?[0m  [["id", 1], ["LIMIT", 1]]
Completed 200 OK in 31ms (Views: 27.4ms | ActiveRecord: 0.5ms)


Started DELETE "/users/sign_out" for ::1 at 2017-07-20 16:33:12 +0800
Processing by Devise::SessionsController#destroy as HTML
  Parameters: {"authenticity_token"=>"ZpSRKE8DFuGz2k4Ljq9oI3NKcniQInAPx2iUkgyIHsT7z3oFF7YsNNPipfKa+8TI5MNaagzIc6xSI9d0ZzvnZg=="}
  [1m[36mUser Load (0.2ms)[0m  [1m[34mSELECT  "users".* FROM "users" WHERE "users"."id" = ? ORDER BY "users"."id" ASC LIMIT ?[0m  [["id", 1], ["LIMIT", 1]]
  [1m[35m (0.1ms)[0m  [1m[36mbegin transaction[0m
  [1m[35m (0.0ms)[0m  [1m[36mcommit transaction[0m
Redirected to http://localhost:3002/
Completed 302 Found in 3ms (ActiveRecord: 0.3ms)


Started GET "/" for ::1 at 2017-07-20 16:33:12 +0800
Processing by PostsController#index as HTML
  Rendering posts/index.html.erb within layouts/application
  [1m[36mPost Load (0.2ms)[0m  [1m[34mSELECT "posts".* FROM "posts"[0m
  Rendered posts/index.html.erb within layouts/application (2.0ms)
Completed 200 OK in 22ms (Views: 19.7ms | ActiveRecord: 0.2ms)


Started GET "/" for ::1 at 2017-07-20 16:47:30 +0800
Processing by PostsController#index as HTML
  Rendering posts/index.html.erb within layouts/application
  [1m[36mPost Load (0.2ms)[0m  [1m[34mSELECT "posts".* FROM "posts"[0m
  Rendered posts/index.html.erb within layouts/application (1.7ms)
Completed 200 OK in 19ms (Views: 17.5ms | ActiveRecord: 0.2ms)


Started DELETE "/posts/3" for ::1 at 2017-07-20 16:47:58 +0800
Processing by PostsController#destroy as HTML
  Parameters: {"authenticity_token"=>"ik5/MOM5ny9Q3bfz/fT4B/xyFmdz5nMnjSfaiKfzqpfTZYw44MJ7RrCHF+QOaH/helKExHHZag9LurkC1/Wn/g==", "id"=>"3"}
Completed 401 Unauthorized in 1ms (ActiveRecord: 0.0ms)


Started GET "/users/sign_in" for ::1 at 2017-07-20 16:47:58 +0800
Processing by Devise::SessionsController#new as HTML
  Rendering /Users/mary_chelle/.rvm/gems/ruby-2.4.0/gems/devise-4.3.0/app/views/devise/sessions/new.html.erb within layouts/application
  Rendered /Users/mary_chelle/.rvm/gems/ruby-2.4.0/gems/devise-4.3.0/app/views/devise/shared/_links.html.erb (0.8ms)
  Rendered /Users/mary_chelle/.rvm/gems/ruby-2.4.0/gems/devise-4.3.0/app/views/devise/sessions/new.html.erb within layouts/application (5.0ms)
Completed 200 OK in 34ms (Views: 32.5ms | ActiveRecord: 0.0ms)


